<?xml version="1.0" encoding="UTF-8"?>
<!-- Generated by org.testng.reporters.JUnitReportReporter -->
<testsuite hostname="DESKTOP-CVND7MV" failures="0" tests="1" name="day_01.Parameter" time="20.801" errors="0" timestamp="2023-03-06T14:27:26 IST" skipped="0">
  <testcase classname="day_01.Parameter" name="add" time="20.801"/>
  <system-out/>
</testsuite> <!-- day_01.Parameter -->
