<?xml version="1.0" encoding="UTF-8"?>
<!-- Generated by org.testng.reporters.JUnitReportReporter -->
<testsuite hostname="DESKTOP-CVND7MV" failures="0" tests="1" name="day_01.Exception" time="0.021" errors="0" timestamp="2023-03-06T13:26:41 IST" skipped="0">
  <testcase classname="day_01.Exception" name="f" time="0.021"/>
  <system-out/>
</testsuite> <!-- day_01.Exception -->
