<?xml version="1.0" encoding="UTF-8"?>
<!-- Generated by org.testng.reporters.JUnitReportReporter -->
<testsuite hostname="DESKTOP-CVND7MV" failures="0" tests="4" name="day_01.Grouping" time="70.534" errors="0" timestamp="2023-03-04T13:52:52 IST" skipped="1">
  <testcase classname="day_01.Grouping" name="clickLogin" time="25.728"/>
  <system-out/>
  <testcase classname="day_01.Grouping" name="invalidLogin" time="20.953"/>
  <system-out/>
  <testcase classname="day_01.Grouping" name="regstration" time="23.853"/>
  <system-out/>
  <testcase classname="day_01.Grouping" name="enabldLogin">
    <skipped/>
  </testcase> <!-- enabldLogin -->
  <system-out/>
</testsuite> <!-- day_01.Grouping -->
